Running in Lattice mode


Starting:    C:\ispLEVER_Classic2_0\synpbase\win64\mbin\synbatch.exe
Install:     C:\ispLEVER_Classic2_0\synpbase
Date:        Wed Oct 05 11:31:39 2016
Version:     I-2014.03LC 

Arguments:   -product synplify_pro  -batch c:/users/jeandres/desktop\address_decoder.prj
ProductType: synplify_pro





log file: "C:\users\jeandres\desktop\address_decoder.srr"

Running address_decoder|desktop

Running: Compile on address_decoder|desktop

Running: Compile Process on address_decoder|desktop

Running: Compile Input on address_decoder|desktop
Copied C:\users\jeandres\desktop\synwork\address_decoder_comp.srs to C:\users\jeandres\desktop\address_decoder.srs
compiler Completed
Return Code: 0
Run Time:0h:00m:01s

Running: Multi-srs Generator on address_decoder|desktop
Copied C:\users\jeandres\desktop\synwork\address_decoder_comp.srs to C:\users\jeandres\desktop\synwork\address_decoder_s.srs
multi_srs_gen Completed
Return Code: 0
Run Time:0h:00m:00s
Copied C:\users\jeandres\desktop\synwork\address_decoder_mult.srs to C:\users\jeandres\desktop\address_decoder.srs
Copied C:\users\jeandres\desktop\address_decoder.srr to C:\users\jeandres\desktop\address_decoder.srf
Complete: Compile Process on address_decoder|desktop
Complete: Compile on address_decoder|desktop

Running: Map on address_decoder|desktop

Running: Map & Optimize on address_decoder|desktop
fpga_mapper Completed
Return Code: 0
Run Time:0h:00m:00s
Complete: Map on address_decoder|desktop
Complete: Logic Synthesis on address_decoder|desktop

exit status=0

exit status=0

